-------------------------------------------------------------------------------
Test set: com.core.example.java9.features.OptionalExampleTest
-------------------------------------------------------------------------------
Tests run: 1, Failures: 1, Errors: 0, Skipped: 0, Time elapsed: 0.017 s <<< FAILURE! - in com.core.example.java9.features.OptionalExampleTest
testOptionalExample_01_ValuePresent(com.core.example.java9.features.OptionalExampleTest)  Time elapsed: 0.008 s  <<< FAILURE!
org.junit.ComparisonFailure: 
expected:<...ue is present: Hello[]
> but was:<...ue is present: Hello[]
>
	at com.core.example.java9.features.OptionalExampleTest.testOptionalExample_01_ValuePresent(OptionalExampleTest.java:26)

