<?xml version="1.0" encoding="UTF-8"?>
<testsuite xmlns:xsi="http://www.w3.org/2001/XMLSchema-instance" xsi:noNamespaceSchemaLocation="https://maven.apache.org/surefire/maven-surefire-plugin/xsd/surefire-test-report.xsd" name="com.core.example.java9.features.OptionalExampleTest" time="0.017" tests="1" errors="0" skipped="0" failures="1">
  <properties>
[...]
</properties>
  <testcase name="testOptionalExample_01_ValuePresent" classname="com.core.example.java9.features.OptionalExampleTest" time="0.008">
    <failure message="expected:&lt;...ue is present: Hello[]&#10;&gt; but was:&lt;...ue is present: Hello[&#13;]&#10;&gt;" type="org.junit.ComparisonFailure"><![CDATA[org.junit.ComparisonFailure: 
expected:<...ue is present: Hello[]
> but was:<...ue is present: Hello[]
>
	at com.core.example.java9.features.OptionalExampleTest.testOptionalExample_01_ValuePresent(OptionalExampleTest.java:26)
]]></failure>
  </testcase>
</testsuite>